Log file open, 11/30/17 21:46:28
LogInit:Display: Running engine for game: NierusGame
LogPlatformFile: Not using cached read wrapper
LogInit:Display: RandInit(-774192790) SRandInit(-774192789).
LogTaskGraph: Started task graph with 5 named threads and 8 total threads with 1 sets of task threads.
LogStats: Stats thread started at 0.069869
LogPluginManager: Loaded Plugin Paper2D, From C:/Program Files/Epic Games/UE_4.14/Engine/Plugins/2D/Paper2D/Paper2D.uplugin
LogPluginManager: Loaded Plugin LightPropagationVolume, From C:/Program Files/Epic Games/UE_4.14/Engine/Plugins/Blendables/LightPropagationVolume/LightPropagationVolume.uplugin
LogPluginManager: Loaded Plugin BlankPlugin, From C:/Program Files/Epic Games/UE_4.14/Engine/Plugins/Developer/BlankPlugin/BlankPlugin.uplugin
LogPluginManager: Loaded Plugin CodeLiteSourceCodeAccess, From C:/Program Files/Epic Games/UE_4.14/Engine/Plugins/Developer/CodeLiteSourceCodeAccess/CodeLiteSourceCodeAccess.uplugin
LogPluginManager: Loaded Plugin GitSourceControl, From C:/Program Files/Epic Games/UE_4.14/Engine/Plugins/Developer/GitSourceControl/GitSourceControl.uplugin
LogPluginManager: Loaded Plugin KDevelopSourceCodeAccess, From C:/Program Files/Epic Games/UE_4.14/Engine/Plugins/Developer/KDevelopSourceCodeAccess/KDevelopSourceCodeAccess.uplugin
LogPluginManager: Loaded Plugin NullSourceCodeAccess, From C:/Program Files/Epic Games/UE_4.14/Engine/Plugins/Developer/NullSourceCodeAccess/NullSourceCodeAccess.uplugin
LogPluginManager: Loaded Plugin OneSkyLocalizationService, From C:/Program Files/Epic Games/UE_4.14/Engine/Plugins/Developer/OneSkyLocalizationService/OneSkyLocalizationService.uplugin
LogPluginManager: Loaded Plugin PerforceSourceControl, From C:/Program Files/Epic Games/UE_4.14/Engine/Plugins/Developer/PerforceSourceControl/PerforceSourceControl.uplugin
LogPluginManager: Loaded Plugin SubversionSourceControl, From C:/Program Files/Epic Games/UE_4.14/Engine/Plugins/Developer/SubversionSourceControl/SubversionSourceControl.uplugin
LogPluginManager: Loaded Plugin UObjectPlugin, From C:/Program Files/Epic Games/UE_4.14/Engine/Plugins/Developer/UObjectPlugin/UObjectPlugin.uplugin
LogPluginManager: Loaded Plugin VisualStudioSourceCodeAccess, From C:/Program Files/Epic Games/UE_4.14/Engine/Plugins/Developer/VisualStudioSourceCodeAccess/VisualStudioSourceCodeAccess.uplugin
LogPluginManager: Loaded Plugin XCodeSourceCodeAccess, From C:/Program Files/Epic Games/UE_4.14/Engine/Plugins/Developer/XCodeSourceCodeAccess/XCodeSourceCodeAccess.uplugin
LogPluginManager: Loaded Plugin AudioCapture, From C:/Program Files/Epic Games/UE_4.14/Engine/Plugins/Editor/AudioCapture/AudioCapture.uplugin
LogPluginManager: Loaded Plugin EpicSurvey, From C:/Program Files/Epic Games/UE_4.14/Engine/Plugins/Editor/EpicSurvey/EpicSurvey.uplugin
LogPluginManager: Loaded Plugin MacGraphicsSwitching, From C:/Program Files/Epic Games/UE_4.14/Engine/Plugins/Editor/MacGraphicsSwitching/MacGraphicsSwitching.uplugin
LogPluginManager: Loaded Plugin MobileLauncherProfileWizard, From C:/Program Files/Epic Games/UE_4.14/Engine/Plugins/Editor/MobileLauncherProfileWizard/MobileLauncherProfileWizard.uplugin
LogPluginManager: Loaded Plugin PluginBrowser, From C:/Program Files/Epic Games/UE_4.14/Engine/Plugins/Editor/PluginBrowser/PluginBrowser.uplugin
LogPluginManager: Loaded Plugin SpeedTreeImporter, From C:/Program Files/Epic Games/UE_4.14/Engine/Plugins/Editor/SpeedTreeImporter/SpeedTreeImporter.uplugin
LogPluginManager: Loaded Plugin SuperSearchEditor, From C:/Program Files/Epic Games/UE_4.14/Engine/Plugins/Editor/SuperSearchEditor/SuperSearchEditor.uplugin
LogPluginManager: Loaded Plugin AlembicImporter, From C:/Program Files/Epic Games/UE_4.14/Engine/Plugins/Experimental/AlembicImporter/AlembicImporter.uplugin
LogPluginManager: Loaded Plugin BlueprintStats, From C:/Program Files/Epic Games/UE_4.14/Engine/Plugins/Experimental/BlueprintStats/BlueprintStats.uplugin
LogPluginManager: Loaded Plugin CharacterAI, From C:/Program Files/Epic Games/UE_4.14/Engine/Plugins/Experimental/CharacterAI/CharacterAI.uplugin
LogPluginManager: Loaded Plugin CodeEditor, From C:/Program Files/Epic Games/UE_4.14/Engine/Plugins/Experimental/CodeEditor/CodeEditor.uplugin
LogPluginManager: Loaded Plugin CodeView, From C:/Program Files/Epic Games/UE_4.14/Engine/Plugins/Experimental/CodeView/CodeView.uplugin
LogPluginManager: Loaded Plugin HTML5Networking, From C:/Program Files/Epic Games/UE_4.14/Engine/Plugins/Experimental/HTML5Networking/HTML5Networking.uplugin
LogPluginManager: Loaded Plugin OSVR, From C:/Program Files/Epic Games/UE_4.14/Engine/Plugins/Experimental/OSVR/OSVR.uplugin
LogPluginManager: Loaded Plugin Phya, From C:/Program Files/Epic Games/UE_4.14/Engine/Plugins/Experimental/Phya/Phya.uplugin
LogPluginManager: Loaded Plugin SignificanceManager, From C:/Program Files/Epic Games/UE_4.14/Engine/Plugins/Experimental/SignificanceManager/SignificanceManager.uplugin
LogPluginManager: Loaded Plugin SimpleHMD, From C:/Program Files/Epic Games/UE_4.14/Engine/Plugins/Experimental/SimpleHMD/SimpleHMD.uplugin
LogPluginManager: Loaded Plugin StereoPanorama, From C:/Program Files/Epic Games/UE_4.14/Engine/Plugins/Experimental/StereoPanorama/StereoPanorama.uplugin
LogPluginManager: Loaded Plugin StructBox, From C:/Program Files/Epic Games/UE_4.14/Engine/Plugins/Experimental/StructBox/StructBox.uplugin
LogPluginManager: Loaded Plugin AndroidMedia, From C:/Program Files/Epic Games/UE_4.14/Engine/Plugins/Media/AndroidMedia/AndroidMedia.uplugin
LogPluginManager: Loaded Plugin AvfMedia, From C:/Program Files/Epic Games/UE_4.14/Engine/Plugins/Media/AvfMedia/AvfMedia.uplugin
LogPluginManager: Loaded Plugin MediaPlayerEditor, From C:/Program Files/Epic Games/UE_4.14/Engine/Plugins/Media/MediaPlayerEditor/MediaPlayerEditor.uplugin
LogPluginManager: Loaded Plugin WmfMedia, From C:/Program Files/Epic Games/UE_4.14/Engine/Plugins/Media/WmfMedia/WmfMedia.uplugin
LogPluginManager: Loaded Plugin MessagingDebugger, From C:/Program Files/Epic Games/UE_4.14/Engine/Plugins/Messaging/MessagingDebugger/MessagingDebugger.uplugin
LogPluginManager: Loaded Plugin TcpMessaging, From C:/Program Files/Epic Games/UE_4.14/Engine/Plugins/Messaging/TcpMessaging/TcpMessaging.uplugin
LogPluginManager: Loaded Plugin UdpMessaging, From C:/Program Files/Epic Games/UE_4.14/Engine/Plugins/Messaging/UdpMessaging/UdpMessaging.uplugin
LogPluginManager: Loaded Plugin LevelSequenceEditor, From C:/Program Files/Epic Games/UE_4.14/Engine/Plugins/MovieScene/LevelSequenceEditor/LevelSequenceEditor.uplugin
LogPluginManager: Loaded Plugin MatineeToLevelSequence, From C:/Program Files/Epic Games/UE_4.14/Engine/Plugins/MovieScene/MatineeToLevelSequence/MatineeToLevelSequence.uplugin
LogPluginManager: Loaded Plugin NetcodeUnitTest, From C:/Program Files/Epic Games/UE_4.14/Engine/Plugins/NetcodeUnitTest/NetcodeUnitTest/NetcodeUnitTest.uplugin
LogPluginManager: Loaded Plugin NUTUnrealEngine4, From C:/Program Files/Epic Games/UE_4.14/Engine/Plugins/NetcodeUnitTest/NUTUnrealEngine4/NUTUnrealEngine4.uplugin
LogPluginManager: Loaded Plugin OnlineSubsystemGameCircle, From C:/Program Files/Epic Games/UE_4.14/Engine/Plugins/Online/Android/OnlineSubsystemGameCircle/OnlineSubsystemGameCircle.uplugin
LogPluginManager: Loaded Plugin OnlineSubsystemGooglePlay, From C:/Program Files/Epic Games/UE_4.14/Engine/Plugins/Online/Android/OnlineSubsystemGooglePlay/OnlineSubsystemGooglePlay.uplugin
LogPluginManager: Loaded Plugin OnlineSubsystemIOS, From C:/Program Files/Epic Games/UE_4.14/Engine/Plugins/Online/IOS/OnlineSubsystemIOS/OnlineSubsystemIOS.uplugin
LogPluginManager: Loaded Plugin OnlineFramework, From C:/Program Files/Epic Games/UE_4.14/Engine/Plugins/Online/OnlineFramework/OnlineFramework.uplugin
LogPluginManager: Loaded Plugin OnlineSubsystem, From C:/Program Files/Epic Games/UE_4.14/Engine/Plugins/Online/OnlineSubsystem/OnlineSubsystem.uplugin
LogPluginManager: Loaded Plugin OnlineSubsystemAmazon, From C:/Program Files/Epic Games/UE_4.14/Engine/Plugins/Online/OnlineSubsystemAmazon/OnlineSubsystemAmazon.uplugin
LogPluginManager: Loaded Plugin OnlineSubsystemFacebook, From C:/Program Files/Epic Games/UE_4.14/Engine/Plugins/Online/OnlineSubsystemFacebook/OnlineSubsystemFacebook.uplugin
LogPluginManager: Loaded Plugin OnlineSubsystemNull, From C:/Program Files/Epic Games/UE_4.14/Engine/Plugins/Online/OnlineSubsystemNull/OnlineSubsystemNull.uplugin
LogPluginManager: Loaded Plugin OnlineSubsystemOculus, From C:/Program Files/Epic Games/UE_4.14/Engine/Plugins/Online/OnlineSubsystemOculus/OnlineSubsystemOculus.uplugin
LogPluginManager: Loaded Plugin OnlineSubsystemSteam, From C:/Program Files/Epic Games/UE_4.14/Engine/Plugins/Online/OnlineSubsystemSteam/OnlineSubsystemSteam.uplugin
LogPluginManager: Loaded Plugin OnlineSubsystemUtils, From C:/Program Files/Epic Games/UE_4.14/Engine/Plugins/Online/OnlineSubsystemUtils/OnlineSubsystemUtils.uplugin
LogPluginManager: Loaded Plugin IOSTapJoy, From C:/Program Files/Epic Games/UE_4.14/Engine/Plugins/Runtime/Advertising/IOSTapJoy/IOSTapJoy.uplugin
LogPluginManager: Loaded Plugin AnalyticsBlueprintLibrary, From C:/Program Files/Epic Games/UE_4.14/Engine/Plugins/Runtime/Analytics/AnalyticsBlueprintLibrary/AnalyticsBlueprintLibrary.uplugin
LogPluginManager: Loaded Plugin AnalyticsMulticast, From C:/Program Files/Epic Games/UE_4.14/Engine/Plugins/Runtime/Analytics/AnalyticsMulticast/AnalyticsMulticast.uplugin
LogPluginManager: Loaded Plugin Apsalar, From C:/Program Files/Epic Games/UE_4.14/Engine/Plugins/Runtime/Analytics/Apsalar/Apsalar.uplugin
LogPluginManager: Loaded Plugin FileLogging, From C:/Program Files/Epic Games/UE_4.14/Engine/Plugins/Runtime/Analytics/FileLogging/FileLogging.uplugin
LogPluginManager: Loaded Plugin Flurry, From C:/Program Files/Epic Games/UE_4.14/Engine/Plugins/Runtime/Analytics/Flurry/Flurry.uplugin
LogPluginManager: Loaded Plugin AndroidDeviceProfileSelector, From C:/Program Files/Epic Games/UE_4.14/Engine/Plugins/Runtime/AndroidDeviceProfileSelector/AndroidDeviceProfileSelector.uplugin
LogPluginManager: Loaded Plugin AndroidMoviePlayer, From C:/Program Files/Epic Games/UE_4.14/Engine/Plugins/Runtime/AndroidMoviePlayer/AndroidMoviePlayer.uplugin
LogPluginManager: Loaded Plugin AppleMoviePlayer, From C:/Program Files/Epic Games/UE_4.14/Engine/Plugins/Runtime/AppleMoviePlayer/AppleMoviePlayer.uplugin
LogPluginManager: Loaded Plugin ArchVisCharacter, From C:/Program Files/Epic Games/UE_4.14/Engine/Plugins/Runtime/ArchVisCharacter/ArchVisCharacter.uplugin
LogPluginManager: Loaded Plugin CableComponent, From C:/Program Files/Epic Games/UE_4.14/Engine/Plugins/Runtime/CableComponent/CableComponent.uplugin
LogPluginManager: Loaded Plugin CustomMeshComponent, From C:/Program Files/Epic Games/UE_4.14/Engine/Plugins/Runtime/CustomMeshComponent/CustomMeshComponent.uplugin
LogPluginManager: Loaded Plugin ExampleDeviceProfileSelector, From C:/Program Files/Epic Games/UE_4.14/Engine/Plugins/Runtime/ExampleDeviceProfileSelector/ExampleDeviceProfileSelector.uplugin
LogPluginManager: Loaded Plugin GearVR, From C:/Program Files/Epic Games/UE_4.14/Engine/Plugins/Runtime/GearVR/GearVR.uplugin
LogPluginManager: Loaded Plugin GoogleVRController, From C:/Program Files/Epic Games/UE_4.14/Engine/Plugins/Runtime/GoogleVR/GoogleVRController/GoogleVRController.uplugin
LogPluginManager: Loaded Plugin GoogleVRHMD, From C:/Program Files/Epic Games/UE_4.14/Engine/Plugins/Runtime/GoogleVR/GoogleVRHMD/GoogleVRHMD.uplugin
LogPluginManager: Loaded Plugin IOSDeviceProfileSelector, From C:/Program Files/Epic Games/UE_4.14/Engine/Plugins/Runtime/IOSDeviceProfileSelector/IOSDeviceProfileSelector.uplugin
LogPluginManager: Loaded Plugin LeapMotion, From C:/Program Files/Epic Games/UE_4.14/Engine/Plugins/Runtime/LeapMotion/LeapMotion.uplugin
LogPluginManager: Loaded Plugin LinuxDeviceProfileSelector, From C:/Program Files/Epic Games/UE_4.14/Engine/Plugins/Runtime/LinuxDeviceProfileSelector/LinuxDeviceProfileSelector.uplugin
LogPluginManager: Loaded Plugin MIDIDevice, From C:/Program Files/Epic Games/UE_4.14/Engine/Plugins/Runtime/MIDIDevice/MIDIDevice.uplugin
LogPluginManager: Loaded Plugin MobilePatchingUtils, From C:/Program Files/Epic Games/UE_4.14/Engine/Plugins/Runtime/MobilePatchingUtils/MobilePatchingUtils.uplugin
LogPluginManager: Loaded Plugin Ansel, From C:/Program Files/Epic Games/UE_4.14/Engine/Plugins/Runtime/Nvidia/Ansel/Ansel.uplugin
LogPluginManager: Loaded Plugin OculusAudio, From C:/Program Files/Epic Games/UE_4.14/Engine/Plugins/Runtime/OculusAudio/OculusAudio.uplugin
LogPluginManager: Loaded Plugin OculusInput, From C:/Program Files/Epic Games/UE_4.14/Engine/Plugins/Runtime/OculusInput/OculusInput.uplugin
LogPluginManager: Loaded Plugin OculusLibrary, From C:/Program Files/Epic Games/UE_4.14/Engine/Plugins/Runtime/OculusLibrary/OculusLibrary.uplugin
LogPluginManager: Loaded Plugin OculusRift, From C:/Program Files/Epic Games/UE_4.14/Engine/Plugins/Runtime/OculusRift/OculusRift.uplugin
LogPluginManager: Loaded Plugin Oodle, From C:/Program Files/Epic Games/UE_4.14/Engine/Plugins/Runtime/PacketHandlers/CompressionComponents/Oodle/Oodle.uplugin
LogPluginManager: Loaded Plugin ProceduralMeshComponent, From C:/Program Files/Epic Games/UE_4.14/Engine/Plugins/Runtime/ProceduralMeshComponent/ProceduralMeshComponent.uplugin
LogPluginManager: Loaded Plugin SoundMod, From C:/Program Files/Epic Games/UE_4.14/Engine/Plugins/Runtime/SoundMod/SoundMod.uplugin
LogPluginManager: Loaded Plugin SoundVisualizations, From C:/Program Files/Epic Games/UE_4.14/Engine/Plugins/Runtime/SoundVisualizations/SoundVisualizations.uplugin
LogPluginManager: Loaded Plugin SteamController, From C:/Program Files/Epic Games/UE_4.14/Engine/Plugins/Runtime/Steam/SteamController/SteamController.uplugin
LogPluginManager: Loaded Plugin SteamVR, From C:/Program Files/Epic Games/UE_4.14/Engine/Plugins/Runtime/Steam/SteamVR/SteamVR.uplugin
LogPluginManager: Loaded Plugin WebBrowserWidget, From C:/Program Files/Epic Games/UE_4.14/Engine/Plugins/Runtime/WebBrowserWidget/WebBrowserWidget.uplugin
LogPluginManager: Loaded Plugin WindowsDeviceProfileSelector, From C:/Program Files/Epic Games/UE_4.14/Engine/Plugins/Runtime/WindowsDeviceProfileSelector/WindowsDeviceProfileSelector.uplugin
LogPluginManager: Loaded Plugin WindowsMoviePlayer, From C:/Program Files/Epic Games/UE_4.14/Engine/Plugins/Runtime/WindowsMoviePlayer/WindowsMoviePlayer.uplugin
LogPluginManager: Loaded Plugin ScriptPlugin, From C:/Program Files/Epic Games/UE_4.14/Engine/Plugins/ScriptPlugin/ScriptPlugin.uplugin
LogPluginManager: Loaded Plugin SlateRemote, From C:/Program Files/Epic Games/UE_4.14/Engine/Plugins/Slate/SlateRemote/SlateRemote.uplugin
LogPluginManager: Loaded Plugin EditorTests, From C:/Program Files/Epic Games/UE_4.14/Engine/Plugins/Tests/EditorTests/EditorTests.uplugin
LogPluginManager: Loaded Plugin FbxAutomationTestBuilder, From C:/Program Files/Epic Games/UE_4.14/Engine/Plugins/Tests/FbxAutomationTestBuilder/FbxAutomationTestBuilder.uplugin
LogPluginManager: Loaded Plugin FunctionalTestingEditor, From C:/Program Files/Epic Games/UE_4.14/Engine/Plugins/Tests/FunctionalTestingEditor/FunctionalTestingEditor.uplugin
LogPluginManager: Loaded Plugin RuntimeTests, From C:/Program Files/Epic Games/UE_4.14/Engine/Plugins/Tests/RuntimeTests/RuntimeTests.uplugin
LogPluginManager: Loaded Plugin ScreenshotTools, From C:/Program Files/Epic Games/UE_4.14/Engine/Plugins/Tests/ScreenshotTools/ScreenshotTools.uplugin
LogInit: Using libcurl 7.47.1
LogInit:  - built for x86_64-pc-win32
LogInit:  - supports SSL with OpenSSL/1.0.2g
LogInit:  - supports HTTP deflate (compression) using libz 1.2.8
LogInit:  - other features:
LogInit:      CURL_VERSION_SSL
LogInit:      CURL_VERSION_LIBZ
LogInit:      CURL_VERSION_IPV6
LogInit:      CURL_VERSION_ASYNCHDNS
LogInit:      CURL_VERSION_LARGEFILE
LogInit:      CURL_VERSION_IDN
LogInit:  CurlRequestOptions (configurable via config and command line):
LogInit:  - bVerifyPeer = false  - Libcurl will NOT verify peer certificate
LogInit:  - bUseHttpProxy = false  - Libcurl will NOT use HTTP proxy
LogInit:  - bDontReuseConnections = false  - Libcurl will reuse connections
LogInit:  - CertBundlePath = nullptr  - Libcurl will use whatever was configured at build time.
LogInit: Build: ++UE4+Release-4.14-CL-3249277
LogInit: Engine Version: 4.14.3-3249277+++UE4+Release-4.14
LogInit: Compatible Engine Version: 4.14.0-3195953+++UE4+Release-4.14
LogInit: Net CL: 3195953
LogDevObjectVersion: Number of dev versions registered: 13
LogDevObjectVersion:   Dev-Blueprints (B0D832E4-1F89-4F0D-ACCF-7EB736FD4AA2): 7
LogDevObjectVersion:   Dev-Build (E1C64328-A22C-4D53-A36C-8E866417BD8C): 0
LogDevObjectVersion:   Dev-Core (375EC13C-06E4-48FB-B500-84F0262A717E): 1
LogDevObjectVersion:   Dev-Editor (E4B068ED-F494-42E9-A231-DA0B2E46BB41): 8
LogDevObjectVersion:   Dev-Framework (CFFC743F-43B0-4480-9391-14DF171D2073): 17
LogDevObjectVersion:   Dev-Mobile (B02B49B5-BB20-44E9-A304-32B752E40360): 0
LogDevObjectVersion:   Dev-Networking (A4E4105C-59A1-49B5-A7C5-40C4547EDFEE): 0
LogDevObjectVersion:   Dev-Online (39C831C9-5AE6-47DC-9A44-9C173E1C8E7C): 0
LogDevObjectVersion:   Dev-Physics (78F01B33-EBEA-4F98-B9B4-84EACCB95AA2): 0
LogDevObjectVersion:   Dev-Platform (6631380F-2D4D-43E0-8009-CF276956A95A): 0
LogDevObjectVersion:   Dev-Rendering (12F88B9F-8875-4AFC-A67C-D90C383ABD29): 12
LogDevObjectVersion:   Dev-Sequencer (7B5AE74C-D270-4C10-A958-57980B212A5A): 1
LogDevObjectVersion:   Dev-VR (D7296918-1DD6-4BDD-9DE2-64A83CC13884): 0
LogInit: Compiled (64-bit): Jan  6 2017 10:49:43
LogInit: Compiled with Visual C++: 19.00.23026.00
LogInit: Build Configuration: Development
LogInit: Branch Name: ++UE4+Release-4.14
LogInit: Command line:  
LogInit: Base directory: C:/Program Files/Epic Games/UE_4.14/Engine/Binaries/Win64/
LogInit: Installed Engine Build: 1
LogInit: Presizing for max 8388607 objects, including 0 objects not considered by GC, pre-allocating 0 bytes for permanent pool.
LogInit: Object subsystem initialized
[2017.11.30-19.46.29:125][  0]LogInit: Selected Device Profile: [Windows]
[2017.11.30-19.46.29:125][  0]LogInit: Applying CVar settings loaded from the selected device profile: [Windows]
[2017.11.30-19.46.29:133][  0]LogInit: Computer: DESKTOP-RNA935O
[2017.11.30-19.46.29:133][  0]LogInit: User: ליאור
[2017.11.30-19.46.29:133][  0]LogInit: CPU Page size=65536, Cores=4
[2017.11.30-19.46.29:133][  0]LogInit: High frequency timer resolution =3.914065 MHz
[2017.11.30-19.46.29:133][  0]LogMemory: Memory total: Physical=47.9GB (48GB approx)
[2017.11.30-19.46.29:133][  0]LogMemory: Platform Memory Stats for Windows
[2017.11.30-19.46.29:133][  0]LogMemory: Process Physical Memory: 264.12 MB used, 264.12 MB peak
[2017.11.30-19.46.29:133][  0]LogMemory: Process Virtual Memory: 262.50 MB used, 262.50 MB peak
[2017.11.30-19.46.29:133][  0]LogMemory: Physical Memory: 8426.25 MB used,  40628.54 MB free, 49054.78 MB total
[2017.11.30-19.46.29:133][  0]LogMemory: Virtual Memory: 676.26 MB used,  40628.54 MB free, 134217728.00 MB total
[2017.11.30-19.46.29:153][  0]LogTextLocalizationManager: No translations for ('he-IL') exist, falling back to 'en' for localization and internationalization data.
[2017.11.30-19.46.29:609][  0]LogD3D11RHI: D3D11 adapters:
[2017.11.30-19.46.29:654][  0]LogD3D11RHI:    0. 'NVIDIA GeForce GTX 1060 3GB' (Feature Level 11_0)
[2017.11.30-19.46.29:654][  0]LogD3D11RHI:       2997/0/24527 MB DedicatedVideo/DedicatedSystem/SharedSystem, Outputs:1, VendorId:0x10de
[2017.11.30-19.46.29:655][  0]LogD3D11RHI:    1. 'Microsoft Basic Render Driver' (Feature Level 11_0)
[2017.11.30-19.46.29:655][  0]LogD3D11RHI:       0/0/24527 MB DedicatedVideo/DedicatedSystem/SharedSystem, Outputs:0, VendorId:0x1414
[2017.11.30-19.46.29:655][  0]LogD3D11RHI: Chosen D3D11 Adapter: 0
[2017.11.30-19.46.29:661][  0]LogD3D11RHI: Creating new Direct3DDevice
[2017.11.30-19.46.29:661][  0]LogD3D11RHI:     GPU DeviceId: 0x1c02 (for the marketing name, search the web for "GPU Device Id")
[2017.11.30-19.46.29:661][  0]LogWindows: EnumDisplayDevices:
[2017.11.30-19.46.29:661][  0]LogWindows:    0. 'NVIDIA GeForce GTX 1060 3GB' (P:1 D:1)
[2017.11.30-19.46.29:661][  0]LogWindows:    1. 'NVIDIA GeForce GTX 1060 3GB' (P:0 D:0)
[2017.11.30-19.46.29:661][  0]LogWindows:    2. 'NVIDIA GeForce GTX 1060 3GB' (P:0 D:0)
[2017.11.30-19.46.29:661][  0]LogWindows:    3. 'NVIDIA GeForce GTX 1060 3GB' (P:0 D:0)
[2017.11.30-19.46.29:661][  0]LogWindows: DebugString: FoundDriverCount:4 
[2017.11.30-19.46.29:661][  0]LogD3D11RHI:     Adapter Name: NVIDIA GeForce GTX 1060 3GB
[2017.11.30-19.46.29:661][  0]LogD3D11RHI:   Driver Version: 388.13 (internal:23.21.13.8813, unified:388.13)
[2017.11.30-19.46.29:661][  0]LogD3D11RHI:      Driver Date: 10-27-2017
[2017.11.30-19.46.29:661][  0]LogRHI: Texture pool is 1361 MB (70% of 1945 MB)
[2017.11.30-19.46.29:688][  0]LogD3D11RHI: Async texture creation enabled
[2017.11.30-19.46.29:697][  0]LogD3D11RHI: GPU Timing Frequency: 1000.000000 (Debug: 2 1)
[2017.11.30-19.46.29:698][  0]LogShaderCompilers: Guid format shader working directory is 8 characters bigger than the processId version (D:/Unreal Games/NierusGame/NierusGame/Intermediate/Shaders/WorkingDirectory/16052/).
[2017.11.30-19.46.29:698][  0]LogShaderCompilers: Cleaned the shader compiler working directory 'C:/Users/ליאור/AppData/Local/Temp/UnrealShaderWorkingDir/7F03B3F14C1DD4EA7DC505A689AF34BB/'.
[2017.11.30-19.46.29:698][  0]LogShaderCompilers:Display: Using Local Shader Compiler.
[2017.11.30-19.46.30:473][  0]LogTemp:Display: Loaded TP AllDesktopTargetPlatform
[2017.11.30-19.46.30:513][  0]LogTemp:Display: Loaded TP MacClientTargetPlatform
[2017.11.30-19.46.30:555][  0]LogTemp:Display: Loaded TP MacNoEditorTargetPlatform
[2017.11.30-19.46.30:596][  0]LogTemp:Display: Loaded TP MacServerTargetPlatform
[2017.11.30-19.46.30:637][  0]LogTemp:Display: Loaded TP MacTargetPlatform
[2017.11.30-19.46.30:678][  0]LogTemp:Display: Loaded TP WindowsClientTargetPlatform
[2017.11.30-19.46.30:720][  0]LogTemp:Display: Loaded TP WindowsNoEditorTargetPlatform
[2017.11.30-19.46.30:760][  0]LogTemp:Display: Loaded TP WindowsServerTargetPlatform
[2017.11.30-19.46.30:794][  0]LogTemp:Display: Loaded TP WindowsTargetPlatform
[2017.11.30-19.46.30:833][  0]LogTemp:Display: Loaded TP AndroidTargetPlatform
[2017.11.30-19.46.30:873][  0]LogTemp:Display: Loaded TP Android_ASTCTargetPlatform
[2017.11.30-19.46.30:913][  0]LogTemp:Display: Loaded TP Android_ATCTargetPlatform
[2017.11.30-19.46.30:952][  0]LogTemp:Display: Loaded TP Android_DXTTargetPlatform
[2017.11.30-19.46.30:992][  0]LogTemp:Display: Loaded TP Android_ETC1TargetPlatform
[2017.11.30-19.46.31:032][  0]LogTemp:Display: Loaded TP Android_ETC2TargetPlatform
[2017.11.30-19.46.31:112][  0]LogTemp:Display: Loaded TP Android_MultiTargetPlatform
[2017.11.30-19.46.31:112][  0]LogTemp:Display: Loaded TP Android_PVRTCTargetPlatform
[2017.11.30-19.46.31:140][  0]LogTemp:Display: Loaded TP HTML5TargetPlatform
[2017.11.30-19.46.31:209][  0]LogTemp:Display: Loaded TP IOSTargetPlatform
[2017.11.30-19.46.31:234][  0]LogTemp:Display: Loaded TP TVOSTargetPlatform
[2017.11.30-19.46.31:275][  0]LogTemp:Display: Loaded TP LinuxClientTargetPlatform
[2017.11.30-19.46.31:314][  0]LogTemp:Display: Loaded TP LinuxNoEditorTargetPlatform
[2017.11.30-19.46.31:353][  0]LogTemp:Display: Loaded TP LinuxServerTargetPlatform
[2017.11.30-19.46.31:393][  0]LogTemp:Display: Loaded TP LinuxTargetPlatform
[2017.11.30-19.46.31:393][  0]LogTargetPlatformManager:Display: Building Assets For Windows
[2017.11.30-19.46.31:698][  0]LogDerivedDataCache:Display: Max Cache Size: 512 MB
[2017.11.30-19.46.31:738][  0]LogDerivedDataCache: Loaded boot cache 0.04s 50MB C:/Users/ליאור/AppData/Local/UnrealEngine/4.14/DerivedDataCache/Boot.ddc.
[2017.11.30-19.46.31:738][  0]LogDerivedDataCache:Display: Loaded Boot cache: C:/Users/ליאור/AppData/Local/UnrealEngine/4.14/DerivedDataCache/Boot.ddc
[2017.11.30-19.46.31:738][  0]LogDerivedDataCache: FDerivedDataBackendGraph:  Pak pak cache file D:/Unreal Games/NierusGame/NierusGame/DerivedDataCache/DDC.ddp not found, will not use a pak cache.
[2017.11.30-19.46.31:738][  0]LogDerivedDataCache: Unable to find inner node Pak for hierarchical cache Hierarchy.
[2017.11.30-19.46.31:738][  0]LogDerivedDataCache: FDerivedDataBackendGraph:  CompressedPak pak cache file D:/Unreal Games/NierusGame/NierusGame/DerivedDataCache/Compressed.ddp not found, will not use a pak cache.
[2017.11.30-19.46.31:738][  0]LogDerivedDataCache: Unable to find inner node CompressedPak for hierarchical cache Hierarchy.
[2017.11.30-19.46.31:749][  0]LogDerivedDataCache:Display: Pak cache opened for reading ../../../Engine/DerivedDataCache/Compressed.ddp.
[2017.11.30-19.46.31:761][  0]LogDerivedDataCache: Using Local data cache path C:/Users/ליאור/AppData/Local/UnrealEngine/Common/DerivedDataCache: Writable
[2017.11.30-19.46.31:907][  0]LogInit: Selected Device Profile: [Windows]
[2017.11.30-19.46.31:909][  0]LogContentStreaming: Texture pool size is 0.00 MB
[2017.11.30-19.46.32:062][  0]LogMeshUtilities: Using QuadricMeshReduction for automatic static mesh reduction
[2017.11.30-19.46.32:094][  0]LogSimplygon: Simplygon DLL not present - disabling.
[2017.11.30-19.46.32:130][  0]LogMeshUtilities: Using SimplygonSwarm for distributed automatic mesh merging
[2017.11.30-19.46.32:130][  0]LogMeshUtilities: No automatic skeletal mesh reduction module available
[2017.11.30-19.46.32:130][  0]LogMeshUtilities: No automatic mesh merging module available
[2017.11.30-19.46.32:489][  0]LogNetVersion: GetLocalNetworkVersion: CL: 3195953, ProjectName: nierusgame, ProjectVersion: , EngineNetworkVersion: 2, GameNetworkVersion: 0, NetworkChecksum: 3117234903
[2017.11.30-19.46.32:536][  0]LogAssetRegistry: FAssetRegistry took 0.0217 seconds to start up
[2017.11.30-19.46.32:564][  0]LogPackageLocalizationCache: Processed 3 localized package path(s) for 1 prioritized culture(s) in 0.010740 seconds
[2017.11.30-19.46.32:568][  0]LogUObjectArray: 31946 objects as part of root set at end of initial load.
[2017.11.30-19.46.32:568][  0]LogUObjectAllocator: 6935848 out of 0 bytes used by permanent object pool.
[2017.11.30-19.46.32:568][  0]LogUObjectArray: CloseDisregardForGC: 0/0 objects in disregard for GC pool
[2017.11.30-19.46.32:616][  0]LogInit: WinSock: version 1.1 (2.2), MaxSocks=32767, MaxUdp=65467
[2017.11.30-19.46.33:168][  0]LogSlate: Using Freetype 2.6.0
[2017.11.30-19.46.33:168][  0]LogSlate: SlateFontCache - WITH_FREETYPE: 1, WITH_HARFBUZZ: 1
[2017.11.30-19.46.33:168][  0]LogSlate: SlateFontCache - WITH_FREETYPE: 1, WITH_HARFBUZZ: 1
[2017.11.30-19.46.33:741][  0]LogTcpMessaging: Initializing TcpMessaging bridge
[2017.11.30-19.46.33:774][  0]LogUdpMessaging: Initializing bridge on interface 0.0.0.0:0 to multicast group 230.0.0.1:6666.
[2017.11.30-19.46.34:014][  0]LogMaterial: Uniform references updated for custom material expression Custom.
[2017.11.30-19.46.34:302][  0]SourceControl: Info Source control is disabled
[2017.11.30-19.46.34:303][  0]SourceControl: Info Source control is disabled
[2017.11.30-19.46.34:337][  0]SourceControl: Info Source control is disabled
[2017.11.30-19.46.34:372][  0]SourceControl: Info Source control is disabled
[2017.11.30-19.46.35:335][  0]LogEngine: Initializing Engine...
[2017.11.30-19.46.35:396][  0]LogHMD: Failed to initialize OpenVR with code 117
[2017.11.30-19.46.35:579][  0]LogAIModule: Creating AISystem for world Untitled
[2017.11.30-19.46.35:585][  0]LogInit: XAudio2 using '2275W-0 (NVIDIA High Definition Audio)' : 2 channels at 48 kHz using 16 bits per sample (channel mask 0x3)
[2017.11.30-19.46.35:595][  0]LogInit: FAudioDevice initialized.
[2017.11.30-19.46.35:618][  0]LogDerivedDataCache: Saved boot cache 0.02s 50MB C:/Users/ליאור/AppData/Local/UnrealEngine/4.14/DerivedDataCache/Boot.ddc.
[2017.11.30-19.46.35:626][  0]LogInit: Texture streaming: Enabled
[2017.11.30-19.46.35:766][  0]LogInit: Transaction tracking system initialized
[2017.11.30-19.46.36:029][  0]BlueprintLog: New page: Editor Load
[2017.11.30-19.46.36:689][  0]LocalizationService: Info Localization service is disabled
[2017.11.30-19.46.37:182][  0]LogConsoleResponse:Display: 
[2017.11.30-19.46.37:283][  0]LogCook:Display: Max memory allowance for cook 16384mb min free memory 0mb
[2017.11.30-19.46.37:283][  0]LogCook:Display: Mobile HDR setting 1
[2017.11.30-19.46.37:325][  0]LogFileCache: Scanning file cache for directory 'D:/Unreal Games/NierusGame/NierusGame/Content/' took 0.01s
[2017.11.30-19.46.38:025][  0]SourceControl: Info Source control is disabled
[2017.11.30-19.46.38:025][  0]Cmd: MAP LOAD FILE="D:/Unreal Games/NierusGame/NierusGame/Content/StarterContent/Maps/Minimal_Default.umap" TEMPLATE=0 SHOWPROGRESS=1 FEATURELEVEL=3
[2017.11.30-19.46.38:026][  0]LightingResults: New page: Lighting Build
[2017.11.30-19.46.38:057][  0]MapCheck: New page: Map Check
[2017.11.30-19.46.38:057][  0]LightingResults: New page: Lighting Build
[2017.11.30-19.46.38:283][  0]LogAIModule: Creating AISystem for world Minimal_Default
[2017.11.30-19.46.38:284][  0]LogActorComponent: RegisterComponentWithWorld: (/Game/StarterContent/Maps/Minimal_Default.Minimal_Default:PersistentLevel.WorldSettings_1.StaticMeshComponent0) Trying to register component with IsPendingKill() == true. Aborting.
[2017.11.30-19.46.38:289][  0]LogEditorServer: Finished looking for orphan Actors (0.000 secs)
[2017.11.30-19.46.38:289][  0]Cmd: MAP CHECKDEP NOCLEARLOG
[2017.11.30-19.46.38:319][  0]MapCheck: Info Map check complete: 0 Error(s), 0 Warning(s), took 29.479ms to complete.
[2017.11.30-19.46.38:319][  0]LogFileHelpers: Loading map 'Minimal_Default' took 0.294
[2017.11.30-19.46.38:432][  0]LogCollectionManager: Loaded 0 collections in 0.001226 seconds
[2017.11.30-19.46.38:497][  0]LogFileCache: Scanning file cache for directory 'D:/Unreal Games/NierusGame/NierusGame/Saved/Collections/' took 0.01s
[2017.11.30-19.46.38:497][  0]LogFileCache: Scanning file cache for directory 'D:/Unreal Games/NierusGame/NierusGame/Content/Developers/ליאור/Collections/' took 0.01s
[2017.11.30-19.46.38:497][  0]LogFileCache: Scanning file cache for directory 'D:/Unreal Games/NierusGame/NierusGame/Content/Collections/' took 0.01s
[2017.11.30-19.46.38:497][  0]LogCollectionManager: Rebuilt the GUID cache for 0 collections in 0.000001 seconds
[2017.11.30-19.46.38:504][  0]LogContentBrowser: Native class hierarchy populated in 0.0066 seconds. Added 2190 classes and 428 folders.
[2017.11.30-19.46.38:535][  0]LogStats: UGameplayTagsManager::ConstructGameplayTagTree: Construct from data asset -  0.000 s
[2017.11.30-19.46.38:535][  0]LogStats: UGameplayTagsManager::ConstructGameplayTagTree: GameplayTagTreeChangedEvent.Broadcast -  0.000 s
[2017.11.30-19.46.38:535][  0]LogContentBrowser: Native class hierarchy updated for 'GameplayTags' in 0.0004 seconds. Added 13 classes and 0 folders.
[2017.11.30-19.46.38:583][  0]LogContentBrowser: Native class hierarchy updated for 'WidgetCarousel' in 0.0003 seconds. Added 0 classes and 0 folders.
[2017.11.30-19.46.38:613][  0]LogContentBrowser: Native class hierarchy updated for 'AddContentDialog' in 0.0004 seconds. Added 0 classes and 0 folders.
[2017.11.30-19.46.38:647][  0]LogContentBrowser: Native class hierarchy updated for 'SceneOutliner' in 0.0003 seconds. Added 1 classes and 2 folders.
[2017.11.30-19.46.38:676][  0]LogCrashTracker: Crashtracker disabled due to settings.
[2017.11.30-19.46.38:680][  0]LogUObjectGlobals:Warning: Failed to find object 'Class None.'
[2017.11.30-19.46.38:736][  0]LogContentBrowser: Native class hierarchy updated for 'HierarchicalLODOutliner' in 0.0004 seconds. Added 1 classes and 2 folders.
[2017.11.30-19.46.38:736][  0]LogLoad: (Engine Initialization) Total time: 10.70 seconds
[2017.11.30-19.46.38:736][  0]LogLoad: (Engine Initialization) Total Blueprint compile time: 0.06 seconds
[2017.11.30-19.46.38:736][  0]LogExternalProfiler: No external profilers were discovered.  External profiling features will not be available.
[2017.11.30-19.46.39:075][  0]LogOcInput: OculusInput pre-init called
[2017.11.30-19.46.39:088][  0]LogAssetRegistry: Asset discovery search completed in 6.5738 seconds
[2017.11.30-19.46.39:088][  0]LogCollectionManager: Rebuilt the object cache for 0 collections in 0.000000 seconds (found 0 objects)
[2017.11.30-19.46.39:088][  0]LogCollectionManager: Fixed up redirectors for 0 collections in 0.000011 seconds (updated 0 objects)
[2017.11.30-19.46.39:090][  0]LogContentStreaming: Texture pool size now 1000 MB
[2017.11.30-19.46.39:215][  0]LogRenderer: Reallocating scene render targets to support 1208x576 NumSamples 1 (Frame:2).
[2017.11.30-19.46.59:677][ 77]LogFactory: FactoryCreateFile: Texture with ReimportTextureFactory (0 0 C:\Users\ליאור\Desktop\Release\2b_head_dif.png)
[2017.11.30-19.46.59:685][ 77]LogTexture:Display: Building textures: 2b_head_dif (AutoDXT)
[2017.11.30-19.46.59:719][ 77]LogFactory: FactoryCreateFile: Texture with ReimportTextureFactory (0 0 C:\Users\ליאור\Desktop\Release\2b_suit_dif.png)
[2017.11.30-19.46.59:749][ 77]LogTexture:Display: Building textures: 2b_suit_dif (AutoDXT)
[2017.11.30-19.46.59:875][ 77]LogFactory: FactoryCreateFile: Texture with ReimportTextureFactory (0 0 C:\Users\ליאור\Desktop\Release\2B_WP1_D.png)
[2017.11.30-19.46.59:885][ 77]LogTexture:Display: Building textures: 2B_WP1_D (AutoDXT)
[2017.11.30-19.46.59:918][ 77]LogFactory: FactoryCreateFile: Texture with ReimportTextureFactory (0 0 C:\Users\ליאור\Desktop\Release\2b_hair1_dif.png)
[2017.11.30-19.46.59:941][ 77]LogTexture:Display: Building textures: 2b_hair1_dif (AutoDXT)
[2017.11.30-19.47.00:089][ 77]LogFactory: FactoryCreateFile: Texture with ReimportTextureFactory (0 0 C:\Users\ליאור\Desktop\Release\2b_hair1_lmp.png)
[2017.11.30-19.47.00:093][ 77]LogTexture:Display: Building textures: 2b_hair1_lmp (AutoDXT)
[2017.11.30-19.47.00:126][ 77]LogFactory: FactoryCreateFile: Texture with ReimportTextureFactory (0 0 C:\Users\ליאור\Desktop\Release\2b_hair2_lmp.png)
[2017.11.30-19.47.00:128][ 77]LogTexture:Display: Building textures: 2b_hair2_lmp (AutoDXT)
[2017.11.30-19.47.03:521][228]Cmd: OBJ SAVEPACKAGE PACKAGE="/Game/Assest/Characters/Textures/2b_hair1_dif" FILE="D:/Unreal Games/NierusGame/NierusGame/Content/Assest/Characters/Textures/2b_hair1_dif.uasset" SILENT=true
[2017.11.30-19.47.03:559][228]LogSavePackage: Save=36.66ms
[2017.11.30-19.47.03:559][228]LogSavePackage: Moving 'D:/Unreal Games/NierusGame/NierusGame/Saved/2b_hair1_difB91849244DECA944520AAB88DB7B0B2B.tmp' to 'D:/Unreal Games/NierusGame/NierusGame/Content/Assest/Characters/Textures/2b_hair1_dif.uasset'
[2017.11.30-19.47.03:560][228]LogSavePackage:Display: Finished SavePackage D:/Unreal Games/NierusGame/NierusGame/Content/Assest/Characters/Textures/2b_hair1_dif.uasset
[2017.11.30-19.47.03:569][228]Cmd: OBJ SAVEPACKAGE PACKAGE="/Game/Assest/Characters/Textures/2b_hair1_lmp" FILE="D:/Unreal Games/NierusGame/NierusGame/Content/Assest/Characters/Textures/2b_hair1_lmp.uasset" SILENT=true
[2017.11.30-19.47.03:580][228]LogSavePackage: Save=10.71ms
[2017.11.30-19.47.03:581][228]LogSavePackage: Moving 'D:/Unreal Games/NierusGame/NierusGame/Saved/2b_hair1_lmp9BAC48AB4E71CC4FCCFD8FA20A731646.tmp' to 'D:/Unreal Games/NierusGame/NierusGame/Content/Assest/Characters/Textures/2b_hair1_lmp.uasset'
[2017.11.30-19.47.03:582][228]LogSavePackage:Display: Finished SavePackage D:/Unreal Games/NierusGame/NierusGame/Content/Assest/Characters/Textures/2b_hair1_lmp.uasset
[2017.11.30-19.47.03:589][228]Cmd: OBJ SAVEPACKAGE PACKAGE="/Game/Assest/Characters/Textures/2b_hair2_lmp" FILE="D:/Unreal Games/NierusGame/NierusGame/Content/Assest/Characters/Textures/2b_hair2_lmp.uasset" SILENT=true
[2017.11.30-19.47.03:601][228]LogSavePackage: Save=10.12ms
[2017.11.30-19.47.03:601][228]LogSavePackage: Moving 'D:/Unreal Games/NierusGame/NierusGame/Saved/2b_hair2_lmp42CD4A47497ADDD686C6C39CD00736C8.tmp' to 'D:/Unreal Games/NierusGame/NierusGame/Content/Assest/Characters/Textures/2b_hair2_lmp.uasset'
[2017.11.30-19.47.03:602][228]LogSavePackage:Display: Finished SavePackage D:/Unreal Games/NierusGame/NierusGame/Content/Assest/Characters/Textures/2b_hair2_lmp.uasset
[2017.11.30-19.47.03:610][228]Cmd: OBJ SAVEPACKAGE PACKAGE="/Game/Assest/Characters/Textures/2b_head_dif" FILE="D:/Unreal Games/NierusGame/NierusGame/Content/Assest/Characters/Textures/2b_head_dif.uasset" SILENT=true
[2017.11.30-19.47.03:633][228]LogSavePackage: Save=22.25ms
[2017.11.30-19.47.03:633][228]LogSavePackage: Moving 'D:/Unreal Games/NierusGame/NierusGame/Saved/2b_head_difD15639374115C329DFBCFA93484B3023.tmp' to 'D:/Unreal Games/NierusGame/NierusGame/Content/Assest/Characters/Textures/2b_head_dif.uasset'
[2017.11.30-19.47.03:634][228]LogSavePackage:Display: Finished SavePackage D:/Unreal Games/NierusGame/NierusGame/Content/Assest/Characters/Textures/2b_head_dif.uasset
[2017.11.30-19.47.03:642][228]Cmd: OBJ SAVEPACKAGE PACKAGE="/Game/Assest/Characters/Textures/2b_suit_dif" FILE="D:/Unreal Games/NierusGame/NierusGame/Content/Assest/Characters/Textures/2b_suit_dif.uasset" SILENT=true
[2017.11.30-19.47.03:740][228]LogSavePackage: Save=73.58ms
[2017.11.30-19.47.03:740][228]LogSavePackage: Moving 'D:/Unreal Games/NierusGame/NierusGame/Saved/2b_suit_dif090A72ED4F2411459053F8AB191EFFF9.tmp' to 'D:/Unreal Games/NierusGame/NierusGame/Content/Assest/Characters/Textures/2b_suit_dif.uasset'
[2017.11.30-19.47.03:742][228]LogSavePackage:Display: Finished SavePackage D:/Unreal Games/NierusGame/NierusGame/Content/Assest/Characters/Textures/2b_suit_dif.uasset
[2017.11.30-19.47.03:752][228]Cmd: OBJ SAVEPACKAGE PACKAGE="/Game/Assest/Characters/Textures/2B_WP1_D" FILE="D:/Unreal Games/NierusGame/NierusGame/Content/Assest/Characters/Textures/2B_WP1_D.uasset" SILENT=true
[2017.11.30-19.47.03:778][228]LogSavePackage: Save=25.16ms
[2017.11.30-19.47.03:778][228]LogSavePackage: Moving 'D:/Unreal Games/NierusGame/NierusGame/Saved/2B_WP1_D3590B46149927AA220804A846895265C.tmp' to 'D:/Unreal Games/NierusGame/NierusGame/Content/Assest/Characters/Textures/2B_WP1_D.uasset'
[2017.11.30-19.47.03:779][228]LogSavePackage:Display: Finished SavePackage D:/Unreal Games/NierusGame/NierusGame/Content/Assest/Characters/Textures/2B_WP1_D.uasset
[2017.11.30-19.47.12:261][223]LogSkeletalMesh: InitArticulated: Bodies already created (/Engine/Transient.DebugSkelMeshComponent_0) - call TermArticulated first.
[2017.11.30-19.47.23:100][434]LogMaterial: Missing cached shader map for material NewMaterial7, compiling. 
[2017.11.30-19.47.23:151][434]LogMaterial: Missing cached shader map for material NewMaterial7, compiling. 
[2017.11.30-19.47.23:158][434]LogMaterial: 0.00 seconds spent updating 1 materials, 1 interfaces, 0 instances, 0 with static permutations.
[2017.11.30-19.47.24:039][501]MaterialEditorStats: Info Base pass shader with only dynamic lighting: 22 instructions
[2017.11.30-19.47.24:040][501]MaterialEditorStats: Info Vertex shader: 29 instructions
[2017.11.30-19.47.24:040][501]MaterialEditorStats: Info Texture samplers: 0/16
[2017.11.30-19.47.41:450][465]LogMaterial: Missing cached shader map for material NewMaterial7, compiling. 
[2017.11.30-19.47.41:457][465]LogMaterial: 0.00 seconds spent updating 1 materials, 1 interfaces, 0 instances, 0 with static permutations.
[2017.11.30-19.47.41:458][465]LogMaterial: Missing cached shader map for material FMatExpressionPreview MaterialExpressionTextureSample_0, compiling. 
[2017.11.30-19.47.41:484][465]LogMaterial: Missing cached shader map for material FMatExpressionPreview MaterialExpressionTextureSample_0, compiling. 
[2017.11.30-19.47.42:096][517]MaterialEditorStats: Info Base pass shader with only dynamic lighting: 22 instructions
[2017.11.30-19.47.42:096][517]MaterialEditorStats: Info Vertex shader: 29 instructions
[2017.11.30-19.47.42:096][517]MaterialEditorStats: Info Texture samplers: 0/16
[2017.11.30-19.47.45:176][881]LogMaterial: Missing cached shader map for material NewMaterial7, compiling. 
[2017.11.30-19.47.45:182][881]LogMaterial: 0.00 seconds spent updating 1 materials, 1 interfaces, 0 instances, 0 with static permutations.
[2017.11.30-19.47.45:208][881]LogMaterial: Missing cached shader map for material FMatExpressionPreview MaterialExpressionTextureSample_0, compiling. 
[2017.11.30-19.47.45:834][931]MaterialEditorStats: Info Base pass shader with only dynamic lighting: 23 instructions
[2017.11.30-19.47.45:834][931]MaterialEditorStats: Info Vertex shader: 31 instructions
[2017.11.30-19.47.45:834][931]MaterialEditorStats: Info Texture samplers: 1/16
[2017.11.30-19.47.49:893][414]LogMaterial: Missing cached shader map for material NewMaterial7, compiling. 
[2017.11.30-19.47.49:900][414]LogMaterial: 0.00 seconds spent updating 1 materials, 1 interfaces, 0 instances, 0 with static permutations.
[2017.11.30-19.47.50:523][471]MaterialEditorStats: Info Base pass shader with only dynamic lighting: 22 instructions
[2017.11.30-19.47.50:523][471]MaterialEditorStats: Info Vertex shader: 29 instructions
[2017.11.30-19.47.50:523][471]MaterialEditorStats: Info Texture samplers: 0/16
[2017.11.30-19.47.55:402][ 52]LogMaterial: Missing cached shader map for material NewMaterial7, compiling. 
[2017.11.30-19.47.55:409][ 52]LogMaterial: 0.00 seconds spent updating 1 materials, 1 interfaces, 0 instances, 0 with static permutations.
[2017.11.30-19.47.55:411][ 52]LogMaterial: Missing cached shader map for material NewMaterial7, compiling. 
[2017.11.30-19.47.55:419][ 52]LogMaterial: 0.00 seconds spent updating 1 materials, 1 interfaces, 0 instances, 0 with static permutations.
[2017.11.30-19.47.55:449][ 52]LogMaterial: Missing cached shader map for material FMatExpressionPreview MaterialExpressionTextureSample_0, compiling. 
[2017.11.30-19.47.56:042][103]MaterialEditorStats: Info Base pass shader with only dynamic lighting: 22 instructions
[2017.11.30-19.47.56:042][103]MaterialEditorStats: Info Vertex shader: 29 instructions
[2017.11.30-19.47.56:042][103]MaterialEditorStats: Info Texture samplers: 0/16
[2017.11.30-19.48.05:324][209]LogMaterial: Missing cached shader map for material NewMaterial7, compiling. 
[2017.11.30-19.48.05:331][209]LogMaterial: 0.00 seconds spent updating 1 materials, 1 interfaces, 0 instances, 0 with static permutations.
[2017.11.30-19.48.05:332][209]LogMaterial: Missing cached shader map for material FMatExpressionPreview MaterialExpressionTextureSample_1, compiling. 
[2017.11.30-19.48.05:363][209]LogMaterial: Missing cached shader map for material FMatExpressionPreview MaterialExpressionTextureSample_0, compiling. 
[2017.11.30-19.48.05:368][209]LogMaterial: Missing cached shader map for material FMatExpressionPreview MaterialExpressionTextureSample_1, compiling. 
[2017.11.30-19.48.05:951][255]MaterialEditorStats: Info Base pass shader with only dynamic lighting: 22 instructions
[2017.11.30-19.48.05:951][255]MaterialEditorStats: Info Vertex shader: 29 instructions
[2017.11.30-19.48.05:951][255]MaterialEditorStats: Info Texture samplers: 0/16
[2017.11.30-19.48.14:384][261]LogMaterial: Missing cached shader map for material NewMaterial7, compiling. 
[2017.11.30-19.48.14:391][261]LogMaterial: 0.00 seconds spent updating 1 materials, 1 interfaces, 0 instances, 0 with static permutations.
[2017.11.30-19.48.14:417][261]LogMaterial: Missing cached shader map for material FMatExpressionPreview MaterialExpressionTextureSample_1, compiling. 
[2017.11.30-19.48.15:013][313]MaterialEditorStats: Info Base pass shader with only dynamic lighting: 22 instructions
[2017.11.30-19.48.15:014][313]MaterialEditorStats: Info Vertex shader: 29 instructions
[2017.11.30-19.48.15:014][313]MaterialEditorStats: Info Texture samplers: 0/16
[2017.11.30-19.48.15:950][424]LogMaterial: Missing cached shader map for material NewMaterial7, compiling. 
[2017.11.30-19.48.15:957][424]LogMaterial: 0.00 seconds spent updating 1 materials, 1 interfaces, 0 instances, 0 with static permutations.
[2017.11.30-19.48.16:606][482]MaterialEditorStats: Info Base pass shader with only dynamic lighting: 25 instructions
[2017.11.30-19.48.16:606][482]MaterialEditorStats: Info Vertex shader: 31 instructions
[2017.11.30-19.48.16:606][482]MaterialEditorStats: Info Texture samplers: 2/16
[2017.11.30-19.48.16:998][529]LogMaterialEditor: Applying material NewMaterial7
[2017.11.30-19.48.17:306][529]LogMaterial: Missing cached shader map for material NewMaterial7, compiling. 
[2017.11.30-19.48.17:320][529]LogMaterial: 0.00 seconds spent updating 1 materials, 1 interfaces, 0 instances, 0 with static permutations.
[2017.11.30-19.48.17:331][529]LogMaterial: Missing cached shader map for material NewMaterial7, compiling. 
[2017.11.30-19.48.17:350][529]LogMaterial: Missing cached shader map for material NewMaterial7, compiling. 
[2017.11.30-19.48.17:362][529]LogMaterial: 0.00 seconds spent updating 1 materials, 1 interfaces, 0 instances, 0 with static permutations.
[2017.11.30-19.48.18:554][635]LogMaterialEditor: Saving and Compiling material NewMaterial7
[2017.11.30-19.48.19:038][635]Cmd: OBJ SAVEPACKAGE PACKAGE="/Game/Assest/Characters/Materials/NewMaterial7" FILE="D:/Unreal Games/NierusGame/NierusGame/Content/Assest/Characters/Materials/NewMaterial7.uasset" SILENT=true
[2017.11.30-19.48.19:058][635]LogSavePackage: Save=14.21ms
[2017.11.30-19.48.19:058][635]LogSavePackage: Moving 'D:/Unreal Games/NierusGame/NierusGame/Saved/NewMaterial79DFE7A44413E7E21B79C7984ADA91A4E.tmp' to 'D:/Unreal Games/NierusGame/NierusGame/Content/Assest/Characters/Materials/NewMaterial7.uasset'
[2017.11.30-19.48.19:059][635]LogSavePackage:Display: Finished SavePackage D:/Unreal Games/NierusGame/NierusGame/Content/Assest/Characters/Materials/NewMaterial7.uasset
[2017.11.30-19.48.19:063][635]MaterialEditorStats: Info Base pass shader with only dynamic lighting: 61 instructions
[2017.11.30-19.48.19:063][635]MaterialEditorStats: Info Vertex shader: 31 instructions
[2017.11.30-19.48.19:063][635]MaterialEditorStats: Info Texture samplers: 5/16
[2017.11.30-19.48.30:996][ 50]Cmd: OBJ SAVEPACKAGE PACKAGE="/Game/Assest/Characters/Materials/Hair_Mat" FILE="D:/Unreal Games/NierusGame/NierusGame/Content/Assest/Characters/Materials/Hair_Mat.uasset" SILENT=true
[2017.11.30-19.48.31:011][ 50]LogSavePackage: Save=13.94ms
[2017.11.30-19.48.31:011][ 50]LogSavePackage: Moving 'D:/Unreal Games/NierusGame/NierusGame/Saved/Hair_Mat57C7DB9B4C29A68E7AB97BB2A0757711.tmp' to 'D:/Unreal Games/NierusGame/NierusGame/Content/Assest/Characters/Materials/Hair_Mat.uasset'
[2017.11.30-19.48.31:012][ 50]LogSavePackage:Display: Finished SavePackage D:/Unreal Games/NierusGame/NierusGame/Content/Assest/Characters/Materials/Hair_Mat.uasset
[2017.11.30-19.48.42:779][434]LogMaterial:Warning: Material /Game/Assest/Characters/Materials/Hair_Mat.Hair_Mat needed to have new flag set bUsedWithSkeletalMesh !
[2017.11.30-19.48.42:782][434]LogMaterial:Warning: Material /Engine/Transient.NewMaterial7 needed to have new flag set bUsedWithSkeletalMesh !
[2017.11.30-19.48.42:785][434]LogMaterial: Missing cached shader map for material NewMaterial7, compiling. 
[2017.11.30-19.48.42:804][434]LogMaterial: 0.00 seconds spent updating 1 materials, 1 interfaces, 0 instances, 0 with static permutations.
[2017.11.30-19.48.42:806][434]LogMaterial: Missing cached shader map for material Hair_Mat, compiling. 
[2017.11.30-19.48.42:829][434]LogMaterial: 0.00 seconds spent updating 1 materials, 1 interfaces, 0 instances, 0 with static permutations.
[2017.11.30-19.48.44:444][567]Cmd: OBJ SAVEPACKAGE PACKAGE="/Game/Assest/Characters/StaticMesh/nier-3dprint" FILE="D:/Unreal Games/NierusGame/NierusGame/Content/Assest/Characters/StaticMesh/nier-3dprint.uasset" SILENT=true
[2017.11.30-19.48.44:535][567]LogSavePackage: Save=79.15ms
[2017.11.30-19.48.44:535][567]LogSavePackage: Moving 'D:/Unreal Games/NierusGame/NierusGame/Saved/nier-3dprint1876369640ABCF271103A1B0A9024A1C.tmp' to 'D:/Unreal Games/NierusGame/NierusGame/Content/Assest/Characters/StaticMesh/nier-3dprint.uasset'
[2017.11.30-19.48.44:538][567]LogSavePackage:Display: Finished SavePackage D:/Unreal Games/NierusGame/NierusGame/Content/Assest/Characters/StaticMesh/nier-3dprint.uasset
[2017.11.30-19.48.48:384][903]MaterialEditorStats: Info Base pass shader with only dynamic lighting: 61 instructions
[2017.11.30-19.48.48:384][903]MaterialEditorStats: Info Vertex shader: 31 instructions
[2017.11.30-19.48.48:384][903]MaterialEditorStats: Info Texture samplers: 5/16
[2017.11.30-19.48.52:392][383]LogMaterialEditor: Saving and Compiling material Hair_Mat
[2017.11.30-19.48.52:400][383]Cmd: OBJ SAVEPACKAGE PACKAGE="/Game/Assest/Characters/Materials/Hair_Mat" FILE="D:/Unreal Games/NierusGame/NierusGame/Content/Assest/Characters/Materials/Hair_Mat.uasset" SILENT=true
[2017.11.30-19.48.52:415][383]LogSavePackage: Save=7.58ms
[2017.11.30-19.48.52:415][383]LogSavePackage: Moving 'D:/Unreal Games/NierusGame/NierusGame/Saved/Hair_Mat5D7438944C9DEC5BCFE4BE8D673AA392.tmp' to 'D:/Unreal Games/NierusGame/NierusGame/Content/Assest/Characters/Materials/Hair_Mat.uasset'
[2017.11.30-19.48.52:416][383]LogSavePackage:Display: Finished SavePackage D:/Unreal Games/NierusGame/NierusGame/Content/Assest/Characters/Materials/Hair_Mat.uasset
[2017.11.30-19.53.39:592][429]LogWindowsTextInputMethodSystem:Display: IME system now deactivated.
[2017.11.30-19.53.39:743][430]Cmd: QUIT_EDITOR
[2017.11.30-19.53.39:782][430]LogExit: Preparing to exit.
[2017.11.30-19.53.40:041][430]LogExit: Editor shut down
[2017.11.30-19.53.40:042][430]LogExit: Transaction tracking system shut down
[2017.11.30-19.53.40:089][430]LogObj: Freed 0b from 0 cluster array pools.
[2017.11.30-19.53.40:089][430]LogExit: Object subsystem successfully closed.
[2017.11.30-19.53.40:096][430]LogD3D11RHI: Shutdown
[2017.11.30-19.53.40:096][430]LogD3D11RHI: CleanupD3DDevice
[2017.11.30-19.53.40:158][430]LogD3D11RHI: ~FD3D11DynamicRHI
[2017.11.30-19.53.40:171][430]LogHttp:Display: Http module shutting down, but needs to wait on 1 outstanding Http requests:
[2017.11.30-19.53.40:171][430]LogHttp:Display: 	verb=[POST] url=[https://datarouter.ol.epicgames.com/datarouter/api/v1/public/data?SessionID=%7B8814B1F4-48AD-8B02-CA3F-9D9870E2BAB6%7D&AppID=UEEditor.Rocket.Release&AppVersion=4.14.3-3249277%2B%2B%2BUE4%2BRelease-4.14&UserID=5fdcebdf4b78271ce947f6ae80af0ed9%7Cfb0e0ec00fa849458a85fc0ca386bf1a%7Ce081f0cf-a73a-4dae-8498-143f9f13a8b6&AppEnvironment=datacollector-binary&UploadType=eteventstream] status=Processing
[2017.11.30-19.53.40:191][430]LogModuleManager: Shutting down and abandoning module MaterialEditor (244)
[2017.11.30-19.53.40:192][430]LogModuleManager: Shutting down and abandoning module SkeletonEditor (243)
[2017.11.30-19.53.40:192][430]LogModuleManager: Shutting down and abandoning module SkeletalMeshEditor (242)
[2017.11.30-19.53.40:192][430]LogModuleManager: Shutting down and abandoning module HierarchicalLODOutliner (241)
[2017.11.30-19.53.40:192][430]LogModuleManager: Shutting down and abandoning module CrashTracker (240)
[2017.11.30-19.53.40:192][430]LogModuleManager: Shutting down and abandoning module SceneOutliner (239)
[2017.11.30-19.53.40:192][430]LogModuleManager: Shutting down and abandoning module WidgetCarousel (238)
[2017.11.30-19.53.40:192][430]LogModuleManager: Shutting down and abandoning module AddContentDialog (237)
[2017.11.30-19.53.40:192][430]LogDirectoryWatcher: A directory notification for 'C:/Program Files/Epic Games/UE_4.14/FeaturePacks/' was aborted.
[2017.11.30-19.53.40:192][430]LogModuleManager: Shutting down and abandoning module GameplayTags (236)
[2017.11.30-19.53.40:192][430]LogModuleManager: Shutting down and abandoning module EditorWidgets (235)
[2017.11.30-19.53.40:192][430]LogModuleManager: Shutting down and abandoning module CollectionManager (234)
[2017.11.30-19.53.40:193][430]LogDirectoryWatcher: A directory notification for 'D:/Unreal Games/NierusGame/NierusGame/Content/Collections/' was aborted.
[2017.11.30-19.53.40:193][430]LogDirectoryWatcher: A directory notification for 'D:/Unreal Games/NierusGame/NierusGame/Content/Developers/ליאור/Collections/' was aborted.
[2017.11.30-19.53.40:193][430]LogDirectoryWatcher: A directory notification for 'D:/Unreal Games/NierusGame/NierusGame/Saved/Collections/' was aborted.
[2017.11.30-19.53.40:193][430]LogModuleManager: Shutting down and abandoning module StatsViewer (233)
[2017.11.30-19.53.40:193][430]LogModuleManager: Shutting down and abandoning module FoliageEdit (232)
[2017.11.30-19.53.40:193][430]LogModuleManager: Shutting down and abandoning module LandscapeEditor (231)
[2017.11.30-19.53.40:193][430]LogModuleManager: Shutting down and abandoning module SceneDepthPickerMode (230)
[2017.11.30-19.53.40:193][430]LogModuleManager: Shutting down and abandoning module ActorPickerMode (229)
[2017.11.30-19.53.40:193][430]LogModuleManager: Shutting down and abandoning module GeometryMode (228)
[2017.11.30-19.53.40:193][430]LogModuleManager: Shutting down and abandoning module TextureAlignMode (227)
[2017.11.30-19.53.40:193][430]LogModuleManager: Shutting down and abandoning module BspMode (226)
[2017.11.30-19.53.40:193][430]LogModuleManager: Shutting down and abandoning module HardwareSurvey (225)
[2017.11.30-19.53.40:193][430]LogModuleManager: Shutting down and abandoning module SequenceRecorderSections (224)
[2017.11.30-19.53.40:193][430]LogModuleManager: Shutting down and abandoning module AutomationWorker (223)
[2017.11.30-19.53.40:193][430]LogModuleManager: Shutting down and abandoning module MatineeToLevelSequence (222)
[2017.11.30-19.53.40:193][430]LogModuleManager: Shutting down and abandoning module PlacementMode (221)
[2017.11.30-19.53.40:193][430]LogModuleManager: Shutting down and abandoning module LevelSequenceEditor (220)
[2017.11.30-19.53.40:193][430]LogModuleManager: Shutting down and abandoning module WmfMediaFactory (219)
[2017.11.30-19.53.40:193][430]LogModuleManager: Shutting down and abandoning module WmfMediaEditor (218)
[2017.11.30-19.53.40:193][430]LogModuleManager: Shutting down and abandoning module AvfMediaFactory (217)
[2017.11.30-19.53.40:193][430]LogModuleManager: Shutting down and abandoning module AvfMediaEditor (216)
[2017.11.30-19.53.40:193][430]LogModuleManager: Shutting down and abandoning module Media (215)
[2017.11.30-19.53.40:193][430]LogModuleManager: Shutting down and abandoning module AndroidMediaFactory (214)
[2017.11.30-19.53.40:193][430]LogModuleManager: Shutting down and abandoning module AndroidMediaEditor (213)
[2017.11.30-19.53.40:193][430]LogModuleManager: Shutting down and abandoning module CharacterAI (212)
[2017.11.30-19.53.40:193][430]LogModuleManager: Shutting down and abandoning module SequenceRecorder (211)
[2017.11.30-19.53.40:193][430]LogModuleManager: Shutting down and abandoning module AudioCapture (210)
[2017.11.30-19.53.40:193][430]LogModuleManager: Shutting down and abandoning module SmartSnapping (209)
[2017.11.30-19.53.40:193][430]LogModuleManager: Shutting down and abandoning module SessionServices (208)
[2017.11.30-19.53.40:193][430]LogModuleManager: Shutting down and abandoning module ViewportSnapping (207)
[2017.11.30-19.53.40:193][430]LogModuleManager: Shutting down and abandoning module ViewportInteraction (206)
[2017.11.30-19.53.40:193][430]LogModuleManager: Shutting down and abandoning module LogVisualizer (205)
[2017.11.30-19.53.40:193][430]LogModuleManager: Shutting down and abandoning module GameProjectGeneration (204)
[2017.11.30-19.53.40:193][430]LogModuleManager: Shutting down and abandoning module IntroTutorials (203)
[2017.11.30-19.53.40:193][430]LogModuleManager: Shutting down and abandoning module EditorLiveStreaming (202)
[2017.11.30-19.53.40:193][430]LogModuleManager: Shutting down and abandoning module IOSPlatformEditor (201)
[2017.11.30-19.53.40:193][430]LogModuleManager: Shutting down and abandoning module HTML5PlatformEditor (200)
[2017.11.30-19.53.40:193][430]LogModuleManager: Shutting down and abandoning module AndroidDeviceDetection (199)
[2017.11.30-19.53.41:148][430]LogModuleManager: Shutting down and abandoning module AndroidPlatformEditor (198)
[2017.11.30-19.53.41:148][430]LogModuleManager: Shutting down and abandoning module IOSRuntimeSettings (197)
[2017.11.30-19.53.41:148][430]LogModuleManager: Shutting down and abandoning module AndroidRuntimeSettings (196)
[2017.11.30-19.53.41:148][430]LogModuleManager: Shutting down and abandoning module InputBindingEditor (195)
[2017.11.30-19.53.41:148][430]LogModuleManager: Shutting down and abandoning module NiagaraEditor (194)
[2017.11.30-19.53.41:148][430]LogModuleManager: Shutting down and abandoning module MergeActors (193)
[2017.11.30-19.53.41:148][430]LogModuleManager: Shutting down and abandoning module SizeMap (192)
[2017.11.30-19.53.41:148][430]LogModuleManager: Shutting down and abandoning module TreeMap (191)
[2017.11.30-19.53.41:148][430]LogModuleManager: Shutting down and abandoning module ReferenceViewer (190)
[2017.11.30-19.53.41:148][430]LogModuleManager: Shutting down and abandoning module LocalizationService (189)
[2017.11.30-19.53.41:148][430]LogModuleManager: Shutting down and abandoning module LocalizationDashboard (188)
[2017.11.30-19.53.41:148][430]LogModuleManager: Shutting down and abandoning module HardwareTargeting (187)
[2017.11.30-19.53.41:148][430]LogModuleManager: Shutting down and abandoning module DeviceProfileEditor (186)
[2017.11.30-19.53.41:148][430]LogModuleManager: Shutting down and abandoning module UndoHistory (185)
[2017.11.30-19.53.41:148][430]LogModuleManager: Shutting down and abandoning module UserFeedback (184)
[2017.11.30-19.53.41:148][430]LogModuleManager: Shutting down and abandoning module XmlParser (183)
[2017.11.30-19.53.41:148][430]LogModuleManager: Shutting down and abandoning module Blutility (182)
[2017.11.30-19.53.41:148][430]LogModuleManager: Shutting down and abandoning module ProjectTargetPlatformEditor (181)
[2017.11.30-19.53.41:148][430]LogModuleManager: Shutting down and abandoning module ProjectSettingsViewer (180)
[2017.11.30-19.53.41:148][430]LogModuleManager: Shutting down and abandoning module EditorSettingsViewer (179)
[2017.11.30-19.53.41:148][430]LogModuleManager: Shutting down and abandoning module SettingsEditor (178)
[2017.11.30-19.53.41:148][430]LogModuleManager: Shutting down and abandoning module ProjectLauncher (177)
[2017.11.30-19.53.41:148][430]LogModuleManager: Shutting down and abandoning module SessionFrontend (176)
[2017.11.30-19.53.41:148][430]LogModuleManager: Shutting down and abandoning module ProfilerClient (175)
[2017.11.30-19.53.41:148][430]LogModuleManager: Shutting down and abandoning module TargetDeviceServices (174)
[2017.11.30-19.53.41:148][430]LogModuleManager: Shutting down and abandoning module DeviceManager (173)
[2017.11.30-19.53.41:192][430]LogModuleManager: Shutting down and abandoning module AutomationController (172)
[2017.11.30-19.53.41:192][430]LogModuleManager: Shutting down and abandoning module AutomationWindow (171)
[2017.11.30-19.53.41:192][430]LogModuleManager: Shutting down and abandoning module Layers (170)
[2017.11.30-19.53.41:192][430]LogModuleManager: Shutting down and abandoning module ComponentVisualizers (169)
[2017.11.30-19.53.41:192][430]LogModuleManager: Shutting down and abandoning module DetailCustomizations (168)
[2017.11.30-19.53.41:192][430]LogModuleManager: Shutting down and abandoning module PackagesDialog (167)
[2017.11.30-19.53.41:192][430]LogModuleManager: Shutting down and abandoning module AnimGraph (166)
[2017.11.30-19.53.41:192][430]LogModuleManager: Shutting down and abandoning module Persona (165)
[2017.11.30-19.53.41:192][430]LogModuleManager: Shutting down and abandoning module Kismet (164)
[2017.11.30-19.53.41:192][430]LogModuleManager: Shutting down and abandoning module GraphEditor (163)
[2017.11.30-19.53.41:192][430]LogModuleManager: Shutting down and abandoning module ClassViewer (162)
[2017.11.30-19.53.41:192][430]LogModuleManager: Shutting down and abandoning module Toolbox (161)
[2017.11.30-19.53.41:192][430]LogModuleManager: Shutting down and abandoning module ModuleUI (160)
[2017.11.30-19.53.41:192][430]LogModuleManager: Shutting down and abandoning module MovieSceneTools (159)
[2017.11.30-19.53.41:192][430]LogModuleManager: Shutting down and abandoning module OutputLog (158)
[2017.11.30-19.53.41:192][430]LogModuleManager: Shutting down and abandoning module GammaUI (157)
[2017.11.30-19.53.41:192][430]LogModuleManager: Shutting down and abandoning module Documentation (156)
[2017.11.30-19.53.41:192][430]LogModuleManager: Shutting down and abandoning module Niagara (155)
[2017.11.30-19.53.41:192][430]LogModuleManager: Shutting down and abandoning module StreamingPauseRendering (154)
[2017.11.30-19.53.41:192][430]LogModuleManager: Shutting down and abandoning module AnalyticsET (153)
[2017.11.30-19.53.41:192][430]LogModuleManager: Shutting down and abandoning module PortalServices (152)
[2017.11.30-19.53.41:192][430]LogModuleManager: Shutting down and abandoning module PortalRpc (151)
[2017.11.30-19.53.41:192][430]LogModuleManager: Shutting down and abandoning module MessagingRpc (150)
[2017.11.30-19.53.41:192][430]LogModuleManager: Shutting down and abandoning module GameplayDebugger (149)
[2017.11.30-19.53.41:192][430]LogModuleManager: Shutting down and abandoning module AITestSuite (148)
[2017.11.30-19.53.41:192][430]LogModuleManager: Shutting down and abandoning module AIModule (147)
[2017.11.30-19.53.41:192][430]LogModuleManager: Shutting down and abandoning module ProfilerService (146)
[2017.11.30-19.53.41:195][430]LogModuleManager: Shutting down and abandoning module TaskGraph (145)
[2017.11.30-19.53.41:195][430]LogModuleManager: Shutting down and abandoning module SlateRemote (144)
[2017.11.30-19.53.41:195][430]LogModuleManager: Shutting down and abandoning module SteamVRController (143)
[2017.11.30-19.53.41:195][430]LogModuleManager: Shutting down and abandoning module SteamVR (142)
[2017.11.30-19.53.41:195][430]LogModuleManager: Shutting down and abandoning module ProceduralMeshComponentEditor (141)
[2017.11.30-19.53.41:195][430]LogModuleManager: Shutting down and abandoning module ProceduralMeshComponent (140)
[2017.11.30-19.53.41:195][430]LogModuleManager: Shutting down and abandoning module OculusLibrary (139)
[2017.11.30-19.53.41:195][430]LogModuleManager: Shutting down and abandoning module OculusInput (138)
[2017.11.30-19.53.41:195][430]LogModuleManager: Shutting down and abandoning module MobilePatchingUtils (137)
[2017.11.30-19.53.41:195][430]LogModuleManager: Shutting down and abandoning module CustomMeshComponent (136)
[2017.11.30-19.53.41:195][430]LogModuleManager: Shutting down and abandoning module CableComponent (135)
[2017.11.30-19.53.41:195][430]LogModuleManager: Shutting down and abandoning module ArchVisCharacter (134)
[2017.11.30-19.53.41:195][430]LogModuleManager: Shutting down and abandoning module MediaPlayerEditor (132)
[2017.11.30-19.53.41:195][430]LogModuleManager: Shutting down and abandoning module HTML5Networking (131)
[2017.11.30-19.53.41:195][430]LogModuleManager: Shutting down and abandoning module GeometryCacheEd (130)
[2017.11.30-19.53.41:195][430]LogModuleManager: Shutting down and abandoning module GeometryCache (129)
[2017.11.30-19.53.41:195][430]LogModuleManager: Shutting down and abandoning module AlembicLibrary (128)
[2017.11.30-19.53.41:195][430]LogModuleManager: Shutting down and abandoning module AlembicImporter (127)
[2017.11.30-19.53.41:195][430]LogModuleManager: Shutting down and abandoning module SuperSearch (126)
[2017.11.30-19.53.41:195][430]LogModuleManager: Shutting down and abandoning module SuperSearchEditor (125)
[2017.11.30-19.53.41:195][430]LogModuleManager: Shutting down and abandoning module SpeedTreeImporter (124)
[2017.11.30-19.53.41:195][430]LogModuleManager: Shutting down and abandoning module PluginBrowser (123)
[2017.11.30-19.53.41:195][430]LogModuleManager: Shutting down and abandoning module MobileLauncherProfileWizard (122)
[2017.11.30-19.53.41:195][430]LogModuleManager: Shutting down and abandoning module EpicSurvey (121)
[2017.11.30-19.53.41:195][430]LogModuleManager: Shutting down and abandoning module DesktopPlatform (120)
[2017.11.30-19.53.41:195][430]LogModuleManager: Shutting down and abandoning module VisualStudioSourceCodeAccess (119)
[2017.11.30-19.53.41:195][430]LogModuleManager: Shutting down and abandoning module UObjectPlugin (118)
[2017.11.30-19.53.41:195][430]LogModuleManager: Shutting down and abandoning module SubversionSourceControl (117)
[2017.11.30-19.53.41:195][430]LogModuleManager: Shutting down and abandoning module PerforceSourceControl (116)
[2017.11.30-19.53.41:195][430]LogModuleManager: Shutting down and abandoning module SourceControl (115)
[2017.11.30-19.53.41:195][430]LogModuleManager: Shutting down and abandoning module GitSourceControl (114)
[2017.11.30-19.53.41:195][430]LogModuleManager: Shutting down and abandoning module LightPropagationVolumeEditor (113)
[2017.11.30-19.53.41:195][430]LogModuleManager: Shutting down and abandoning module PaperTiledImporter (112)
[2017.11.30-19.53.41:195][430]LogModuleManager: Shutting down and abandoning module PaperSpriteSheetImporter (111)
[2017.11.30-19.53.41:195][430]LogModuleManager: Shutting down and abandoning module MeshPaint (110)
[2017.11.30-19.53.41:195][430]LogModuleManager: Shutting down and abandoning module PixelInspectorModule (109)
[2017.11.30-19.53.41:195][430]LogModuleManager: Shutting down and abandoning module HotReload (108)
[2017.11.30-19.53.41:196][430]LogModuleManager: Shutting down and abandoning module MainFrame (107)
[2017.11.30-19.53.41:196][430]LogModuleManager: Shutting down and abandoning module LevelEditor (106)
[2017.11.30-19.53.41:196][430]LogModuleManager: Shutting down and abandoning module ContentBrowser (105)
[2017.11.30-19.53.41:197][430]LogModuleManager: Shutting down and abandoning module Paper2DEditor (104)
[2017.11.30-19.53.41:197][430]LogModuleManager: Shutting down and abandoning module UdpMessaging (103)
[2017.11.30-19.53.41:299][430]LogModuleManager: Shutting down and abandoning module TcpMessaging (102)
[2017.11.30-19.53.41:399][430]LogModuleManager: Shutting down and abandoning module LightPropagationVolumeRuntime (101)
[2017.11.30-19.53.41:399][430]LogModuleManager: Shutting down and abandoning module Paper2D (100)
[2017.11.30-19.53.41:399][430]LogModuleManager: Shutting down and abandoning module WindowsMoviePlayer (99)
[2017.11.30-19.53.41:399][430]LogModuleManager: Shutting down and abandoning module WmfMedia (98)
[2017.11.30-19.53.41:399][430]LogModuleManager: Shutting down and abandoning module MediaAssets (97)
[2017.11.30-19.53.41:399][430]LogModuleManager: Shutting down and abandoning module GameLiveStreaming (96)
[2017.11.30-19.53.41:399][430]LogModuleManager: Shutting down and abandoning module GameplayTagsEditor (95)
[2017.11.30-19.53.41:399][430]LogModuleManager: Shutting down and abandoning module VREditor (94)
[2017.11.30-19.53.41:399][430]LogModuleManager: Shutting down and abandoning module GameplayTasksEditor (93)
[2017.11.30-19.53.41:399][430]LogModuleManager: Shutting down and abandoning module BehaviorTreeEditor (92)
[2017.11.30-19.53.41:399][430]LogModuleManager: Shutting down and abandoning module FunctionalTesting (91)
[2017.11.30-19.53.41:399][430]LogModuleManager: Shutting down and abandoning module CollisionAnalyzer (90)
[2017.11.30-19.53.41:399][430]LogModuleManager: Shutting down and abandoning module Sequencer (89)
[2017.11.30-19.53.41:399][430]LogModuleManager: Shutting down and abandoning module WorkspaceMenuStructure (88)
[2017.11.30-19.53.41:399][430]LogModuleManager: Shutting down and abandoning module MessageLog (87)
[2017.11.30-19.53.41:399][430]LogModuleManager: Shutting down and abandoning module AssetTools (86)
[2017.11.30-19.53.41:399][430]LogModuleManager: Shutting down and abandoning module UMGEditor (85)
[2017.11.30-19.53.41:399][430]LogModuleManager: Shutting down and abandoning module UMG (84)
[2017.11.30-19.53.41:399][430]LogModuleManager: Shutting down and abandoning module SlateReflector (83)
[2017.11.30-19.53.41:399][430]LogModuleManager: Shutting down and abandoning module Slate (82)
[2017.11.30-19.53.41:399][430]LogModuleManager: Shutting down and abandoning module EditorStyle (81)
[2017.11.30-19.53.41:401][430]LogModuleManager: Shutting down and abandoning module SourceCodeAccess (80)
[2017.11.30-19.53.41:401][430]LogModuleManager: Shutting down and abandoning module HeadMountedDisplay (79)
[2017.11.30-19.53.41:401][430]LogModuleManager: Shutting down and abandoning module XAudio2 (78)
[2017.11.30-19.53.41:401][430]LogModuleManager: Shutting down and abandoning module Networking (76)
[2017.11.30-19.53.41:401][430]LogModuleManager: Shutting down and abandoning module Core (75)
[2017.11.30-19.53.41:401][430]LogModuleManager: Shutting down and abandoning module DirectoryWatcher (74)
[2017.11.30-19.53.41:401][430]LogDirectoryWatcher: A directory notification for '../../../Engine/Content/' was aborted.
[2017.11.30-19.53.41:401][430]LogDirectoryWatcher: A directory notification for 'D:/Unreal Games/NierusGame/NierusGame/Content/' was aborted.
[2017.11.30-19.53.41:401][430]LogDirectoryWatcher: A directory notification for '../../../Engine/Plugins/2D/Paper2D/Content/' was aborted.
[2017.11.30-19.53.41:401][430]LogModuleManager: Shutting down and abandoning module AssetRegistry (73)
[2017.11.30-19.53.41:500][430]LogModuleManager: Shutting down and abandoning module KismetCompiler (72)
[2017.11.30-19.53.41:500][430]LogModuleManager: Shutting down and abandoning module PhysXFormats (71)
[2017.11.30-19.53.41:500][430]LogModuleManager: Shutting down and abandoning module SimplygonSwarm (70)
[2017.11.30-19.53.41:500][430]LogModuleManager: Shutting down and abandoning module SimplygonMeshReduction (69)
[2017.11.30-19.53.41:500][430]LogModuleManager: Shutting down and abandoning module QuadricMeshReduction (68)
[2017.11.30-19.53.41:500][430]LogModuleManager: Shutting down and abandoning module PropertyEditor (67)
[2017.11.30-19.53.41:500][430]LogModuleManager: Shutting down and abandoning module MeshUtilities (66)
[2017.11.30-19.53.41:500][430]LogModuleManager: Shutting down and abandoning module DerivedDataCache (65)
[2017.11.30-19.53.41:507][430]LogDerivedDataCache: Shutdown
[2017.11.30-19.53.41:507][430]LogModuleManager: Shutting down and abandoning module VulkanShaderFormat (64)
[2017.11.30-19.53.41:507][430]LogModuleManager: Shutting down and abandoning module ShaderFormatOpenGL (63)
[2017.11.30-19.53.41:507][430]LogModuleManager: Shutting down and abandoning module ShaderFormatD3D (62)
[2017.11.30-19.53.41:507][430]LogModuleManager: Shutting down and abandoning module MetalShaderFormat (61)
[2017.11.30-19.53.41:507][430]LogModuleManager: Shutting down and abandoning module TextureFormatUncompressed (60)
[2017.11.30-19.53.41:507][430]LogModuleManager: Shutting down and abandoning module TextureFormatPVR (59)
[2017.11.30-19.53.41:507][430]LogModuleManager: Shutting down and abandoning module TextureFormatDXT (58)
[2017.11.30-19.53.41:507][430]LogModuleManager: Shutting down and abandoning module TextureFormatIntelISPCTexComp (57)
[2017.11.30-19.53.41:507][430]LogModuleManager: Shutting down and abandoning module ImageWrapper (56)
[2017.11.30-19.53.41:507][430]LogModuleManager: Shutting down and abandoning module TextureFormatASTC (55)
[2017.11.30-19.53.41:507][430]LogModuleManager: Shutting down and abandoning module TextureFormatAndroid (54)
[2017.11.30-19.53.41:507][430]LogModuleManager: Shutting down and abandoning module AudioFormatOpus (53)
[2017.11.30-19.53.41:507][430]LogModuleManager: Shutting down and abandoning module AudioFormatOgg (52)
[2017.11.30-19.53.41:507][430]LogModuleManager: Shutting down and abandoning module AudioFormatADPCM (51)
[2017.11.30-19.53.41:507][430]LogModuleManager: Shutting down and abandoning module LinuxTargetPlatform (50)
[2017.11.30-19.53.41:507][430]LogModuleManager: Shutting down and abandoning module LinuxServerTargetPlatform (49)
[2017.11.30-19.53.41:507][430]LogModuleManager: Shutting down and abandoning module LinuxNoEditorTargetPlatform (48)
[2017.11.30-19.53.41:507][430]LogModuleManager: Shutting down and abandoning module LinuxClientTargetPlatform (47)
[2017.11.30-19.53.41:507][430]LogModuleManager: Shutting down and abandoning module TVOSTargetPlatform (46)
[2017.11.30-19.53.41:507][430]LogModuleManager: Shutting down and abandoning module Messaging (45)
[2017.11.30-19.53.41:507][430]LogModuleManager: Shutting down and abandoning module IOSTargetPlatform (44)
[2017.11.30-19.53.41:507][430]LogModuleManager: Shutting down and abandoning module HTML5TargetPlatform (43)
[2017.11.30-19.53.41:507][430]LogModuleManager: Shutting down and abandoning module Android_PVRTCTargetPlatform (42)
[2017.11.30-19.53.41:507][430]LogModuleManager: Shutting down and abandoning module Android_MultiTargetPlatform (41)
[2017.11.30-19.53.41:507][430]LogModuleManager: Shutting down and abandoning module Android_ETC2TargetPlatform (40)
[2017.11.30-19.53.41:507][430]LogModuleManager: Shutting down and abandoning module Android_ETC1TargetPlatform (39)
[2017.11.30-19.53.41:507][430]LogModuleManager: Shutting down and abandoning module Android_DXTTargetPlatform (38)
[2017.11.30-19.53.41:507][430]LogModuleManager: Shutting down and abandoning module Android_ATCTargetPlatform (37)
[2017.11.30-19.53.41:507][430]LogModuleManager: Shutting down and abandoning module Android_ASTCTargetPlatform (36)
[2017.11.30-19.53.41:507][430]LogModuleManager: Shutting down and abandoning module AndroidTargetPlatform (35)
[2017.11.30-19.53.41:507][430]LogModuleManager: Shutting down and abandoning module WindowsTargetPlatform (34)
[2017.11.30-19.53.41:507][430]LogModuleManager: Shutting down and abandoning module WindowsServerTargetPlatform (33)
[2017.11.30-19.53.41:507][430]LogModuleManager: Shutting down and abandoning module WindowsNoEditorTargetPlatform (32)
[2017.11.30-19.53.41:507][430]LogModuleManager: Shutting down and abandoning module WindowsClientTargetPlatform (31)
[2017.11.30-19.53.41:507][430]LogModuleManager: Shutting down and abandoning module MacTargetPlatform (30)
[2017.11.30-19.53.41:507][430]LogModuleManager: Shutting down and abandoning module MacServerTargetPlatform (29)
[2017.11.30-19.53.41:507][430]LogModuleManager: Shutting down and abandoning module MacNoEditorTargetPlatform (28)
[2017.11.30-19.53.41:507][430]LogModuleManager: Shutting down and abandoning module MacClientTargetPlatform (27)
[2017.11.30-19.53.41:507][430]LogModuleManager: Shutting down and abandoning module AllDesktopTargetPlatform (26)
[2017.11.30-19.53.41:507][430]LogModuleManager: Shutting down and abandoning module TargetPlatform (25)
[2017.11.30-19.53.41:507][430]LogModuleManager: Shutting down and abandoning module InputCore (24)
[2017.11.30-19.53.41:507][430]LogModuleManager: Shutting down and abandoning module Settings (23)
[2017.11.30-19.53.41:507][430]LogModuleManager: Shutting down and abandoning module OculusRift (22)
[2017.11.30-19.53.41:507][430]LogModuleManager: Shutting down and abandoning module ExampleDeviceProfileSelector (21)
[2017.11.30-19.53.41:507][430]LogModuleManager: Shutting down and abandoning module OnlineBlueprintSupport (20)
[2017.11.30-19.53.41:507][430]LogModuleManager: Shutting down and abandoning module OnlineSubsystem (18)
[2017.11.30-19.53.41:508][430]LogOnline:Display: Unloading online subsystem: NULL
[2017.11.30-19.53.41:508][430]LogModuleManager: Shutting down and abandoning module SSL (17)
[2017.11.30-19.53.41:509][430]LogModuleManager: Shutting down and abandoning module HTTP (16)
[2017.11.30-19.53.41:509][430]LogModuleManager: Shutting down and abandoning module XMPP (15)
[2017.11.30-19.53.41:509][430]LogModuleManager: Shutting down and abandoning module TextureCompressor (14)
[2017.11.30-19.53.41:509][430]LogModuleManager: Shutting down and abandoning module ShaderCore (13)
[2017.11.30-19.53.41:509][430]LogModuleManager: Shutting down and abandoning module Landscape (12)
[2017.11.30-19.53.41:509][430]LogModuleManager: Shutting down and abandoning module SlateRHIRenderer (11)
[2017.11.30-19.53.41:510][430]LogModuleManager: Shutting down and abandoning module OpenGLDrv (10)
[2017.11.30-19.53.41:510][430]LogModuleManager: Shutting down and abandoning module D3D11RHI (9)
[2017.11.30-19.53.41:510][430]LogModuleManager: Shutting down and abandoning module AnimGraphRuntime (8)
[2017.11.30-19.53.41:510][430]LogModuleManager: Shutting down and abandoning module Renderer (7)
[2017.11.30-19.53.41:510][430]LogModuleManager: Shutting down and abandoning module Engine (6)
[2017.11.30-19.53.41:510][430]LogModuleManager: Shutting down and abandoning module CoreUObject (5)
[2017.11.30-19.53.41:510][430]LogModuleManager: Shutting down and abandoning module NetworkFile (4)
[2017.11.30-19.53.41:510][430]LogModuleManager: Shutting down and abandoning module StreamingFile (3)
[2017.11.30-19.53.41:510][430]LogModuleManager: Shutting down and abandoning module SandboxFile (2)
[2017.11.30-19.53.41:510][430]LogModuleManager: Shutting down and abandoning module PakFile (1)
[2017.11.30-19.53.41:512][430]LogExit: Exiting.
[2017.11.30-19.53.41:520][430]Log file closed, 11/30/17 21:53:41
